Сборка начата 10/05/2024 3:49:27 PM.
Уровень детализации журнала: Normal.     1>Проект "D:\BSTU\2 sem\KPO\Labs\SE__lab8\SE__lab8.vcxproj" в узле 2 (целевые объекты Build).
     1>PrepareForBuild:
         Создание каталога "Debug\SE__lab8.tlog\".
       InitializeBuildStatus:
         Создание "Debug\SE__lab8.tlog\unsuccessfulbuild", так как было задано "AlwaysCreate".
       ClCompile:
         D:\Soft\Microsoft Visual Studio\VC\Tools\MSVC\14.33.31629\bin\HostX86\x86\CL.exe /c /ZI /JMC /nologo /W3 /WX- /diagnostics:column /sdl /Od /Oy- /D WIN32 /D _DEBUG /D _CONSOLE /D _UNICODE /D UNICODE /Gm- /EHsc /RTC1 /MDd /GS /fp:precise /Zc:wchar_t /Zc:forScope /Zc:inline /permissive- /Fo"Debug\\" /Fd"Debug\vc143.pdb" /external:W3 /Gd /TP /analyze- /FC /errorReport:prompt SE__lab8.cpp
         SE__lab8.cpp
       Link:
         D:\Soft\Microsoft Visual Studio\VC\Tools\MSVC\14.33.31629\bin\HostX86\x86\link.exe /ERRORREPORT:PROMPT /OUT:"D:\BSTU\2 sem\KPO\Labs\SE__lab8\Debug\SE__lab8.exe" /INCREMENTAL /ILK:"Debug\SE__lab8.ilk" /NOLOGO kernel32.lib user32.lib gdi32.lib winspool.lib comdlg32.lib advapi32.lib shell32.lib ole32.lib oleaut32.lib uuid.lib odbc32.lib odbccp32.lib /MANIFEST /MANIFESTUAC:"level='asInvoker' uiAccess='false'" /manifest:embed /DEBUG /PDB:"D:\BSTU\2 sem\KPO\Labs\SE__lab8\Debug\SE__lab8.pdb" /SUBSYSTEM:CONSOLE /TLBID:1 /DYNAMICBASE /NXCOMPAT /IMPLIB:"D:\BSTU\2 sem\KPO\Labs\SE__lab8\Debug\SE__lab8.lib" /MACHINE:X86 Debug\SE__lab8.obj
         SE__lab8.vcxproj -> D:\BSTU\2 sem\KPO\Labs\SE__lab8\Debug\SE__lab8.exe
       FinalizeBuildStatus:
         Файл "Debug\SE__lab8.tlog\unsuccessfulbuild" удаляется.
         Обращение к "Debug\SE__lab8.tlog\SE__lab8.lastbuildstate".
     1>Сборка проекта "D:\BSTU\2 sem\KPO\Labs\SE__lab8\SE__lab8.vcxproj" завершена (целевые объекты Build).

Сборка успешно завершена.
    Предупреждений: 0
    Ошибок: 0

Прошло времени 00:00:03.60
