Сборка начата 15.03.2024 15:18:59.
Уровень детализации журнала: Normal.     1>Проект "D:\Лабораторные\ОПИ Наркевич\2 семестр\lab04\lab04-2\lab04-2.vcxproj" в узле 2 (целевые объекты Build).
     1>InitializeBuildStatus:
         Создание "x64\Debug\lab04-2.tlog\unsuccessfulbuild", так как было задано "AlwaysCreate".
         Обращение к "x64\Debug\lab04-2.tlog\unsuccessfulbuild".
       ClCompile:
         D:\Программы\visual studio 2022\VC\Tools\MSVC\14.37.32822\bin\HostX64\x64\CL.exe /c /ZI /JMC /nologo /W3 /WX- /diagnostics:column /sdl /Od /D _DEBUG /D _CONSOLE /D _UNICODE /D UNICODE /Gm- /EHsc /RTC1 /MDd /GS /fp:precise /Zc:wchar_t /Zc:forScope /Zc:inline /permissive- /Fo"x64\Debug\\" /Fd"x64\Debug\vc143.pdb" /external:W3 /Gd /TP /FC /errorReport:prompt "lab04-2.cpp"
         lab04-2.cpp
     1>D:\Лабораторные\ОПИ Наркевич\2 семестр\lab04\lab04-2\lab04-2.cpp(76,27): warning C4018: <: несоответствие типов со знаком и без знака
     1>D:\Лабораторные\ОПИ Наркевич\2 семестр\lab04\lab04-2\lab04-2.cpp(93,27): warning C4018: <: несоответствие типов со знаком и без знака
       Link:
         D:\Программы\visual studio 2022\VC\Tools\MSVC\14.37.32822\bin\HostX64\x64\link.exe /ERRORREPORT:PROMPT /OUT:"D:\Лабораторные\ОПИ Наркевич\2 семестр\lab04\lab04-2\x64\Debug\lab04-2.exe" /INCREMENTAL /ILK:"x64\Debug\lab04-2.ilk" /NOLOGO kernel32.lib user32.lib gdi32.lib winspool.lib comdlg32.lib advapi32.lib shell32.lib ole32.lib oleaut32.lib uuid.lib odbc32.lib odbccp32.lib /MANIFEST /MANIFESTUAC:"level='asInvoker' uiAccess='false'" /manifest:embed /DEBUG /PDB:"D:\Лабораторные\ОПИ Наркевич\2 семестр\lab04\lab04-2\x64\Debug\lab04-2.pdb" /SUBSYSTEM:CONSOLE /TLBID:1 /DYNAMICBASE /NXCOMPAT /IMPLIB:"D:\Лабораторные\ОПИ Наркевич\2 семестр\lab04\lab04-2\x64\Debug\lab04-2.lib" /MACHINE:X64 "x64\Debug\lab04-2.obj"
         lab04-2.vcxproj -> D:\Лабораторные\ОПИ Наркевич\2 семестр\lab04\lab04-2\x64\Debug\lab04-2.exe
       FinalizeBuildStatus:
         Файл "x64\Debug\lab04-2.tlog\unsuccessfulbuild" удаляется.
         Обращение к "x64\Debug\lab04-2.tlog\lab04-2.lastbuildstate".
     1>Сборка проекта "D:\Лабораторные\ОПИ Наркевич\2 семестр\lab04\lab04-2\lab04-2.vcxproj" завершена (целевые объекты Build).

Сборка успешно завершена.

       "D:\Лабораторные\ОПИ Наркевич\2 семестр\lab04\lab04-2\lab04-2.vcxproj" (целевой объект Build ) (1) ->
       (Целевой объект ClCompile) -> 
         D:\Лабораторные\ОПИ Наркевич\2 семестр\lab04\lab04-2\lab04-2.cpp(76,27): warning C4018: <: несоответствие типов со знаком и без знака
         D:\Лабораторные\ОПИ Наркевич\2 семестр\lab04\lab04-2\lab04-2.cpp(93,27): warning C4018: <: несоответствие типов со знаком и без знака

    Предупреждений: 2
    Ошибок: 0

Прошло времени 00:00:02.77
