Сборка начата 16/05/2024 12:46:21 PM.
Уровень детализации журнала: Normal.     1>Проект "D:\BSTU\2 sem\KPO\Labs\anonfunc\anonfunc.vcxproj" в узле 2 (целевые объекты Build).
     1>PrepareForBuild:
         Создание каталога "x64\Debug\anonfunc.tlog\".
       InitializeBuildStatus:
         Создание "x64\Debug\anonfunc.tlog\unsuccessfulbuild", так как было задано "AlwaysCreate".
       ClCompile:
         D:\Soft\Microsoft Visual Studio\VC\Tools\MSVC\14.33.31629\bin\HostX64\x64\CL.exe /c /ZI /JMC /nologo /W3 /WX- /diagnostics:column /sdl /Od /D _DEBUG /D _CONSOLE /D _UNICODE /D UNICODE /Gm- /EHsc /RTC1 /MDd /GS /fp:precise /Zc:wchar_t /Zc:forScope /Zc:inline /permissive- /Fo"x64\Debug\\" /Fd"x64\Debug\vc143.pdb" /external:W3 /Gd /TP /FC /errorReport:prompt anonfunc.cpp stdafx.cpp
         anonfunc.cpp
     1>D:\BSTU\2 sem\KPO\Labs\anonfunc\anonfunc.cpp(10,20): warning C4244: инициализация: преобразование "__int64" в "int", возможна потеря данных
     1>D:\BSTU\2 sem\KPO\Labs\anonfunc\anonfunc.cpp(12,20): warning C4244: инициализация: преобразование "__int64" в "int", возможна потеря данных
     1>D:\Soft\Microsoft Visual Studio\VC\Tools\MSVC\14.33.31629\include\xutility(5438,26): error C2446: ==: нет преобразования "bool (__cdecl *)(int)" в "int"
       D:\Soft\Microsoft Visual Studio\VC\Tools\MSVC\14.33.31629\include\xutility(5438,29): message : Не существует контекста, в котором такое преобразование возможно
       D:\BSTU\2 sem\KPO\Labs\anonfunc\anonfunc.cpp(12): message : выполняется компиляция ссылки на экземпляр шаблон функции "__int64 std::count<std::_Vector_iterator<std::_Vector_val<std::_Simple_types<_Ty>>>,main::<lambda_1>>(const _InIt,const _InIt,const main::<lambda_1> &)"
                 with
                 [
                     _Ty=int,
                     _InIt=std::_Vector_iterator<std::_Vector_val<std::_Simple_types<int>>>
                 ]
         stdafx.cpp
         Создание кода...
     1>Сборка проекта "D:\BSTU\2 sem\KPO\Labs\anonfunc\anonfunc.vcxproj" завершена (целевые объекты Build) с ошибкой.

Ошибка сборки.

       "D:\BSTU\2 sem\KPO\Labs\anonfunc\anonfunc.vcxproj" (целевой объект Build ) (1) ->
       (Целевой объект ClCompile) -> 
         D:\BSTU\2 sem\KPO\Labs\anonfunc\anonfunc.cpp(10,20): warning C4244: инициализация: преобразование "__int64" в "int", возможна потеря данных
         D:\BSTU\2 sem\KPO\Labs\anonfunc\anonfunc.cpp(12,20): warning C4244: инициализация: преобразование "__int64" в "int", возможна потеря данных


       "D:\BSTU\2 sem\KPO\Labs\anonfunc\anonfunc.vcxproj" (целевой объект Build ) (1) ->
       (Целевой объект ClCompile) -> 
         D:\Soft\Microsoft Visual Studio\VC\Tools\MSVC\14.33.31629\include\xutility(5438,26): error C2446: ==: нет преобразования "bool (__cdecl *)(int)" в "int"

    Предупреждений: 2
    Ошибок: 1

Прошло времени 00:00:02.22
