Сборка начата 06/10/2023 3:14:50 PM.
Уровень детализации журнала: Normal.     1>Проект "D:\BSTU\OAIP\lab\main\task2\task2.vcxproj" в узле 2 (целевые объекты Build).
     1>InitializeBuildStatus:
         Создание "Release\task2.tlog\unsuccessfulbuild", так как было задано "AlwaysCreate".
       ClCompile:
         D:\Soft\Microsoft Visual Studio\VC\Tools\MSVC\14.33.31629\bin\HostX86\x86\CL.exe /c /Zi /nologo /W3 /WX- /diagnostics:column /sdl /O2 /Oi /Oy- /GL /D WIN32 /D NDEBUG /D _CONSOLE /D _UNICODE /D UNICODE /Gm- /EHsc /MD /GS /Gy /fp:precise /Zc:wchar_t /Zc:forScope /Zc:inline /permissive- /Fo"Release\\" /Fd"Release\vc143.pdb" /external:W3 /Gd /TP /analyze- /FC /errorReport:prompt task2.cpp
         task2.cpp
       Link:
         D:\Soft\Microsoft Visual Studio\VC\Tools\MSVC\14.33.31629\bin\HostX86\x86\link.exe /ERRORREPORT:PROMPT /OUT:"D:\BSTU\OAIP\lab\main\Release\task2.exe" /NOLOGO kernel32.lib user32.lib gdi32.lib winspool.lib comdlg32.lib advapi32.lib shell32.lib ole32.lib oleaut32.lib uuid.lib odbc32.lib odbccp32.lib /MANIFEST /MANIFESTUAC:"level='asInvoker' uiAccess='false'" /manifest:embed /DEBUG /PDB:"D:\BSTU\OAIP\lab\main\Release\task2.pdb" /SUBSYSTEM:CONSOLE /OPT:REF /OPT:ICF /LTCG:incremental /LTCGOUT:"Release\task2.iobj" /TLBID:1 /DYNAMICBASE /NXCOMPAT /IMPLIB:"D:\BSTU\OAIP\lab\main\Release\task2.lib" /MACHINE:X86 /SAFESEH Release\task2.obj
         Создание кода
         1 of 1 functions (100.0%) were compiled.
           0 functions were new in current compilation
           0 functions had inline decision re-evaluated but remain unchanged
         Создание кода завершено
         task2.vcxproj -> D:\BSTU\OAIP\lab\main\Release\task2.exe
       FinalizeBuildStatus:
         Файл "Release\task2.tlog\unsuccessfulbuild" удаляется.
         Обращение к "Release\task2.tlog\task2.lastbuildstate".
     1>Сборка проекта "D:\BSTU\OAIP\lab\main\task2\task2.vcxproj" завершена (целевые объекты Build).

Сборка успешно завершена.
    Предупреждений: 0
    Ошибок: 0

Прошло времени 00:00:02.16
