Сборка начата 16/05/2024 1:46:51 AM.
Уровень детализации журнала: Normal.     1>Проект "D:\BSTU\2 sem\KPO\Labs\Varfunc\Varfunc.vcxproj" в узле 2 (целевые объекты Build).
     1>InitializeBuildStatus:
         Создание "x64\Debug\Varfunc.tlog\unsuccessfulbuild", так как было задано "AlwaysCreate".
       ClCompile:
         D:\Soft\Microsoft Visual Studio\VC\Tools\MSVC\14.33.31629\bin\HostX64\x64\CL.exe /c /ZI /JMC /nologo /W3 /WX- /diagnostics:column /sdl /Od /D _DEBUG /D _CONSOLE /D _UNICODE /D UNICODE /Gm- /EHsc /RTC1 /MDd /GS /fp:precise /Zc:wchar_t /Zc:forScope /Zc:inline /permissive- /Fo"x64\Debug\\" /Fd"x64\Debug\vc143.pdb" /external:W3 /Gd /TP /FC /errorReport:prompt main.cpp
         main.cpp
     1>D:\BSTU\2 sem\KPO\Labs\Varfunc\main.cpp(3,13): warning C4326: возвращаемый тип "main" должен быть "int", а не "void"
       Link:
         D:\Soft\Microsoft Visual Studio\VC\Tools\MSVC\14.33.31629\bin\HostX64\x64\link.exe /ERRORREPORT:PROMPT /OUT:"D:\BSTU\2 sem\KPO\Labs\Varfunc\x64\Debug\Varfunc.exe" /INCREMENTAL /ILK:"x64\Debug\Varfunc.ilk" /NOLOGO kernel32.lib user32.lib gdi32.lib winspool.lib comdlg32.lib advapi32.lib shell32.lib ole32.lib oleaut32.lib uuid.lib odbc32.lib odbccp32.lib /MANIFEST /MANIFESTUAC:"level='asInvoker' uiAccess='false'" /manifest:embed /DEBUG /PDB:"D:\BSTU\2 sem\KPO\Labs\Varfunc\x64\Debug\Varfunc.pdb" /SUBSYSTEM:CONSOLE /TLBID:1 /DYNAMICBASE /NXCOMPAT /IMPLIB:"D:\BSTU\2 sem\KPO\Labs\Varfunc\x64\Debug\Varfunc.lib" /MACHINE:X64 x64\Debug\main.obj
         x64\Debug\Varfunc.obj
         Varfunc.vcxproj -> D:\BSTU\2 sem\KPO\Labs\Varfunc\x64\Debug\Varfunc.exe
       FinalizeBuildStatus:
         Файл "x64\Debug\Varfunc.tlog\unsuccessfulbuild" удаляется.
         Обращение к "x64\Debug\Varfunc.tlog\Varfunc.lastbuildstate".
     1>Сборка проекта "D:\BSTU\2 sem\KPO\Labs\Varfunc\Varfunc.vcxproj" завершена (целевые объекты Build).

Сборка успешно завершена.

       "D:\BSTU\2 sem\KPO\Labs\Varfunc\Varfunc.vcxproj" (целевой объект Build ) (1) ->
       (Целевой объект ClCompile) -> 
         D:\BSTU\2 sem\KPO\Labs\Varfunc\main.cpp(3,13): warning C4326: возвращаемый тип "main" должен быть "int", а не "void"

    Предупреждений: 1
    Ошибок: 0

Прошло времени 00:00:01.28
