Сборка начата 10/05/2024 3:06:25 PM.
Уровень детализации журнала: Normal.     1>Проект "D:\BSTU\2 sem\KPO\Labs\SE_lab7\SE_lab7.vcxproj" в узле 2 (целевые объекты Build).
     1>PrepareForBuild:
         Создание каталога "x64\Debug\SE_lab7.tlog\".
       InitializeBuildStatus:
         Создание "x64\Debug\SE_lab7.tlog\unsuccessfulbuild", так как было задано "AlwaysCreate".
       ClCompile:
         D:\Soft\Microsoft Visual Studio\VC\Tools\MSVC\14.33.31629\bin\HostX64\x64\CL.exe /c /ZI /JMC /nologo /W3 /WX- /diagnostics:column /sdl /Od /D _DEBUG /D _CONSOLE /D _UNICODE /D UNICODE /Gm- /EHsc /RTC1 /MDd /GS /fp:precise /Zc:wchar_t /Zc:forScope /Zc:inline /permissive- /Fo"x64\Debug\\" /Fd"x64\Debug\vc143.pdb" /external:W3 /Gd /TP /FC /errorReport:prompt SE_lab7.cpp
         SE_lab7.cpp
       Link:
         D:\Soft\Microsoft Visual Studio\VC\Tools\MSVC\14.33.31629\bin\HostX64\x64\link.exe /ERRORREPORT:PROMPT /OUT:"D:\BSTU\2 sem\KPO\Labs\SE_lab7\x64\Debug\SE_lab7.exe" /INCREMENTAL /ILK:"x64\Debug\SE_lab7.ilk" /NOLOGO kernel32.lib user32.lib gdi32.lib winspool.lib comdlg32.lib advapi32.lib shell32.lib ole32.lib oleaut32.lib uuid.lib odbc32.lib odbccp32.lib /MANIFEST /MANIFESTUAC:"level='asInvoker' uiAccess='false'" /manifest:embed /DEBUG /PDB:"D:\BSTU\2 sem\KPO\Labs\SE_lab7\x64\Debug\SE_lab7.pdb" /SUBSYSTEM:CONSOLE /TLBID:1 /DYNAMICBASE /NXCOMPAT /IMPLIB:"D:\BSTU\2 sem\KPO\Labs\SE_lab7\x64\Debug\SE_lab7.lib" /MACHINE:X64 x64\Debug\SE_lab7.obj
         SE_lab7.vcxproj -> D:\BSTU\2 sem\KPO\Labs\SE_lab7\x64\Debug\SE_lab7.exe
       FinalizeBuildStatus:
         Файл "x64\Debug\SE_lab7.tlog\unsuccessfulbuild" удаляется.
         Обращение к "x64\Debug\SE_lab7.tlog\SE_lab7.lastbuildstate".
     1>Сборка проекта "D:\BSTU\2 sem\KPO\Labs\SE_lab7\SE_lab7.vcxproj" завершена (целевые объекты Build).

Сборка успешно завершена.
    Предупреждений: 0
    Ошибок: 0

Прошло времени 00:00:03.02
