Сборка начата 19/05/2024 6:20:31 PM.
Уровень детализации журнала: Normal.     1>Проект "D:\BSTU\OAIP\lab\main\main\main.vcxproj" в узле 2 (целевые объекты Build).
     1>InitializeBuildStatus:
         Создание "Debug\main.tlog\unsuccessfulbuild", так как было задано "AlwaysCreate".
       ClCompile:
         D:\Soft\Microsoft Visual Studio\VC\Tools\MSVC\14.33.31629\bin\HostX86\x86\CL.exe /c /ZI /JMC /nologo /W3 /WX- /diagnostics:column /sdl /Od /Oy- /D WIN32 /D _DEBUG /D _CONSOLE /D _UNICODE /D UNICODE /Gm- /EHsc /RTC1 /MDd /GS /fp:precise /Zc:wchar_t /Zc:forScope /Zc:inline /permissive- /Fo"Debug\\" /Fd"Debug\vc143.pdb" /external:W3 /Gd /TP /analyze- /FC /errorReport:prompt main.cpp
         main.cpp
     1>D:\BSTU\OAIP\lab\main\main\main.cpp(54,27): warning C4018: <: несоответствие типов со знаком и без знака
       Link:
         D:\Soft\Microsoft Visual Studio\VC\Tools\MSVC\14.33.31629\bin\HostX86\x86\link.exe /ERRORREPORT:PROMPT /OUT:"D:\BSTU\OAIP\lab\main\Debug\main.exe" /INCREMENTAL /ILK:"Debug\main.ilk" /NOLOGO kernel32.lib user32.lib gdi32.lib winspool.lib comdlg32.lib advapi32.lib shell32.lib ole32.lib oleaut32.lib uuid.lib odbc32.lib odbccp32.lib /MANIFEST /MANIFESTUAC:"level='asInvoker' uiAccess='false'" /manifest:embed /DEBUG /PDB:"D:\BSTU\OAIP\lab\main\Debug\main.pdb" /SUBSYSTEM:CONSOLE /TLBID:1 /DYNAMICBASE /NXCOMPAT /IMPLIB:"D:\BSTU\OAIP\lab\main\Debug\main.lib" /MACHINE:X86 Debug\main.obj
         main.vcxproj -> D:\BSTU\OAIP\lab\main\Debug\main.exe
       FinalizeBuildStatus:
         Файл "Debug\main.tlog\unsuccessfulbuild" удаляется.
         Обращение к "Debug\main.tlog\main.lastbuildstate".
     1>Сборка проекта "D:\BSTU\OAIP\lab\main\main\main.vcxproj" завершена (целевые объекты Build).

Сборка успешно завершена.

       "D:\BSTU\OAIP\lab\main\main\main.vcxproj" (целевой объект Build ) (1) ->
       (Целевой объект ClCompile) -> 
         D:\BSTU\OAIP\lab\main\main\main.cpp(54,27): warning C4018: <: несоответствие типов со знаком и без знака

    Предупреждений: 1
    Ошибок: 0

Прошло времени 00:00:03.62
