Сборка начата 26/04/2024 3:16:21 PM.
Уровень детализации журнала: Normal.     1>Проект "D:\BSTU\2 sem\KPO\Labs\SE_lab6Ex\SE_lab6Ex.vcxproj" в узле 2 (целевые объекты Rebuild).
     1>_PrepareForClean:
         Файл "Debug\SE_lab6Ex.tlog\SE_lab6Ex.lastbuildstate" удаляется.
       InitializeBuildStatus:
         Обращение к "Debug\SE_lab6Ex.tlog\unsuccessfulbuild".
       ClCompile:
         D:\Soft\Microsoft Visual Studio\VC\Tools\MSVC\14.33.31629\bin\HostX86\x86\CL.exe /c /ZI /JMC /nologo /W3 /WX- /diagnostics:column /sdl /Od /Oy- /D WIN32 /D _DEBUG /D _CONSOLE /D _UNICODE /D UNICODE /Gm- /EHsc /RTC1 /MDd /GS /fp:precise /Zc:wchar_t /Zc:forScope /Zc:inline /permissive- /Fo"Debug\\" /Fd"Debug\vc143.pdb" /external:W3 /Gd /TP /analyze- /FC /errorReport:prompt SE_lab6.cpp
         SE_lab6.cpp
       Link:
         D:\Soft\Microsoft Visual Studio\VC\Tools\MSVC\14.33.31629\bin\HostX86\x86\link.exe /ERRORREPORT:PROMPT /OUT:"D:\BSTU\2 sem\KPO\Labs\SE_lab6ExL\Debug\SE_lab6Ex.exe" /INCREMENTAL /ILK:"Debug\SE_lab6Ex.ilk" /NOLOGO kernel32.lib user32.lib gdi32.lib winspool.lib comdlg32.lib advapi32.lib shell32.lib ole32.lib oleaut32.lib uuid.lib odbc32.lib odbccp32.lib /MANIFEST /MANIFESTUAC:"level='asInvoker' uiAccess='false'" /manifest:embed /DEBUG /PDB:"D:\BSTU\2 sem\KPO\Labs\SE_lab6ExL\Debug\SE_lab6Ex.pdb" /SUBSYSTEM:CONSOLE /TLBID:1 /DYNAMICBASE /NXCOMPAT /IMPLIB:"D:\BSTU\2 sem\KPO\Labs\SE_lab6ExL\Debug\SE_lab6Ex.lib" /MACHINE:X86 Debug\SE_lab6.obj
         SE_lab6Ex.vcxproj -> D:\BSTU\2 sem\KPO\Labs\SE_lab6ExL\Debug\SE_lab6Ex.exe
       FinalizeBuildStatus:
         Файл "Debug\SE_lab6Ex.tlog\unsuccessfulbuild" удаляется.
         Обращение к "Debug\SE_lab6Ex.tlog\SE_lab6Ex.lastbuildstate".
     1>Сборка проекта "D:\BSTU\2 sem\KPO\Labs\SE_lab6Ex\SE_lab6Ex.vcxproj" завершена (целевые объекты Rebuild).

Сборка успешно завершена.
    Предупреждений: 0
    Ошибок: 0

Прошло времени 00:00:02.76
